#
# There is insufficient memory for the Java Runtime Environment to continue.
# Native memory allocation (malloc) failed to allocate 1048576 bytes for AllocateHeap
# Possible reasons:
#   The system is out of physical RAM or swap space
#   In 32 bit mode, the process size limit was hit
# Possible solutions:
#   Reduce memory load on the system
#   Increase physical memory or swap space
#   Check if swap backing store is full
#   Use 64 bit Java on a 64 bit OS
#   Decrease Java heap size (-Xmx/-Xms)
#   Decrease number of Java threads
#   Decrease Java thread stack sizes (-Xss)
#   Set larger code cache with -XX:ReservedCodeCacheSize=
# This output file may be truncated or incomplete.
#
#  Out of Memory Error (memory/allocation.inline.hpp:61), pid=13124, tid=0x0000000000000044
#
# JRE version:  (8.0) (build )
# Java VM: OpenJDK 64-Bit Server VM (25.71-b00 mixed mode windows-amd64 compressed oops)
# Failed to write core dump. Minidumps are not enabled by default on client versions of Windows
#

---------------  T H R E A D  ---------------

Current thread (0x0000000002ec2800):  JavaThread "Unknown thread" [_thread_in_vm, id=68, stack(0x0000000002dc0000,0x0000000002ec0000)]

Stack: [0x0000000002dc0000,0x0000000002ec0000]
[error occurred during error reporting (printing stack bounds), id 0xc0000005]

Native frames: (J=compiled Java code, j=interpreted, Vv=VM code, C=native code)


---------------  P R O C E S S  ---------------

Java Threads: ( => current thread )

Other Threads:

=>0x0000000002ec2800 (exited) JavaThread "Unknown thread" [_thread_in_vm, id=68, stack(0x0000000002dc0000,0x0000000002ec0000)]

VM state:not at safepoint (normal execution)

VM Mutex/Monitor currently owned by a thread: None

Heap:
 PSYoungGen      total 75776K, used 1300K [0x000000076ba00000, 0x0000000770e80000, 0x00000007c0000000)
  eden space 65024K, 2% used [0x000000076ba00000,0x000000076bb451f8,0x000000076f980000)
  from space 10752K, 0% used [0x0000000770400000,0x0000000770400000,0x0000000770e80000)
  to   space 10752K, 0% used [0x000000076f980000,0x000000076f980000,0x0000000770400000)
 ParOldGen       total 173568K, used 0K [0x00000006c2e00000, 0x00000006cd780000, 0x000000076ba00000)
  object space 173568K, 0% used [0x00000006c2e00000,0x00000006c2e00000,0x00000006cd780000)
 Metaspace       used 777K, capacity 4480K, committed 4480K, reserved 1056768K
  class space    used 74K, capacity 384K, committed 384K, reserved 1048576K

Card table byte_map: [0x0000000012380000,0x0000000012b70000] byte_map_base: 0x000000000ed69000

Marking Bits: (ParMarkBitMap*) 0x00000000538ebe50
 Begin Bits: [0x00000000138c0000, 0x0000000017808000)
 End Bits:   [0x0000000017808000, 0x000000001b750000)

Polling page: 0x0000000002cc0000

CodeCache: size=245760Kb used=327Kb max_used=327Kb free=245432Kb
 bounds [0x0000000002fc0000, 0x0000000003230000, 0x0000000011fc0000]
 total_blobs=56 nmethods=0 adapters=38
 compilation: enabled

Compilation events (0 events):
No events

GC Heap History (0 events):
No events

Deoptimization events (0 events):
No events

Classes redefined (0 events):
No events

Internal exceptions (0 events):
No events

Events (10 events):
Event: 0.022 loading class java/lang/Short
Event: 0.022 loading class java/lang/Short done
Event: 0.022 loading class java/lang/Integer
Event: 0.022 loading class java/lang/Integer done
Event: 0.022 loading class java/lang/Long
Event: 0.022 loading class java/lang/Long done
Event: 0.023 loading class java/lang/NullPointerException
Event: 0.023 loading class java/lang/NullPointerException done
Event: 0.023 loading class java/lang/ArithmeticException
Event: 0.023 loading class java/lang/ArithmeticException done


Dynamic libraries:
0x00007ff6bdfc0000 - 0x00007ff6bdff5000 	D:\Unity\2021.3.11f1\Editor\Data\PlaybackEngines\AndroidPlayer\OpenJDK\bin\java.exe
0x00007ffacccd0000 - 0x00007ffaccee4000 	C:\WINDOWS\SYSTEM32\ntdll.dll
0x00007ffacc080000 - 0x00007ffacc142000 	C:\WINDOWS\System32\KERNEL32.DLL
0x00007ffaca550000 - 0x00007ffaca8ed000 	C:\WINDOWS\System32\KERNELBASE.dll
0x00007ffacc1b0000 - 0x00007ffacc25e000 	C:\WINDOWS\System32\ADVAPI32.dll
0x00007ffacb260000 - 0x00007ffacb307000 	C:\WINDOWS\System32\msvcrt.dll
0x00007ffacae50000 - 0x00007ffacaef4000 	C:\WINDOWS\System32\sechost.dll
0x00007ffacac10000 - 0x00007ffacad25000 	C:\WINDOWS\System32\RPCRT4.dll
0x00007ffacbdf0000 - 0x00007ffacbf9a000 	C:\WINDOWS\System32\USER32.dll
0x00007ffaca100000 - 0x00007ffaca126000 	C:\WINDOWS\System32\win32u.dll
0x00007ffacc150000 - 0x00007ffacc179000 	C:\WINDOWS\System32\GDI32.dll
0x00007ffaca430000 - 0x00007ffaca542000 	C:\WINDOWS\System32\gdi32full.dll
0x00007ffaca1a0000 - 0x00007ffaca23a000 	C:\WINDOWS\System32\msvcp_win.dll
0x00007ffaca9b0000 - 0x00007ffacaac1000 	C:\WINDOWS\System32\ucrtbase.dll
0x00007ffab9220000 - 0x00007ffab94ae000 	C:\WINDOWS\WinSxS\amd64_microsoft.windows.common-controls_6595b64144ccf1df_6.0.22621.608_none_a9444ca7c10bb01d\COMCTL32.dll
0x00007ffacabb0000 - 0x00007ffacabe2000 	C:\WINDOWS\System32\IMM32.DLL
0x0000000053970000 - 0x0000000053a42000 	D:\Unity\2021.3.11f1\Editor\Data\PlaybackEngines\AndroidPlayer\OpenJDK\jre\bin\msvcr100.dll
0x0000000053120000 - 0x0000000053969000 	D:\Unity\2021.3.11f1\Editor\Data\PlaybackEngines\AndroidPlayer\OpenJDK\jre\bin\server\jvm.dll
0x00007ffacc180000 - 0x00007ffacc188000 	C:\WINDOWS\System32\PSAPI.DLL
0x00007ffab9780000 - 0x00007ffab9789000 	C:\WINDOWS\SYSTEM32\WSOCK32.dll
0x00007ffac37a0000 - 0x00007ffac37d4000 	C:\WINDOWS\SYSTEM32\WINMM.dll
0x00007ffac1990000 - 0x00007ffac199a000 	C:\WINDOWS\SYSTEM32\VERSION.dll
0x00007ffacca50000 - 0x00007ffaccac1000 	C:\WINDOWS\System32\WS2_32.dll
0x00007ffac48f0000 - 0x00007ffac48ff000 	D:\Unity\2021.3.11f1\Editor\Data\PlaybackEngines\AndroidPlayer\OpenJDK\jre\bin\verify.dll
0x00007ffac48c0000 - 0x00007ffac48e9000 	D:\Unity\2021.3.11f1\Editor\Data\PlaybackEngines\AndroidPlayer\OpenJDK\jre\bin\java.dll
0x00007ffabce00000 - 0x00007ffabce16000 	D:\Unity\2021.3.11f1\Editor\Data\PlaybackEngines\AndroidPlayer\OpenJDK\jre\bin\zip.dll

VM Arguments:
jvm_args: -Dfile.encoding=UTF-8 
java_command: org.gradle.launcher.GradleMain -Dorg.gradle.jvmargs=-Xmx4096m --stop
java_class_path (initial): D:\Unity\2021.3.11f1\Editor\Data\PlaybackEngines\AndroidPlayer\Tools\gradle\lib\gradle-launcher-6.1.1.jar
Launcher Type: SUN_STANDARD

Environment Variables:
JAVA_HOME=D:\Unity\2021.3.11f1\Editor\Data\PlaybackEngines\AndroidPlayer\OpenJDK
JAVA_TOOL_OPTIONS=-Dfile.encoding=UTF-8
PATH=C:\WINDOWS\system32;C:\WINDOWS;C:\WINDOWS\System32\Wbem;C:\WINDOWS\System32\WindowsPowerShell\v1.0\;C:\WINDOWS\System32\OpenSSH\;C:\Program Files\Common Files\Autodesk Shared\;C:\Program Files\dotnet\;C:\Users\tropi\AppData\Local\Microsoft\WindowsApps;
USERNAME=tropi
OS=Windows_NT
PROCESSOR_IDENTIFIER=AMD64 Family 23 Model 24 Stepping 1, AuthenticAMD



---------------  S Y S T E M  ---------------

OS: Windows 10.0 , 64 bit Build 22621 (10.0.22621.755)

CPU:total 8 (initial active 8) (8 cores per cpu, 1 threads per core) family 23 model 24 stepping 1, cmov, cx8, fxsr, mmx, sse, sse2, sse3, ssse3, sse4.1, sse4.2, popcnt, avx, avx2, aes, clmul, mmxext, 3dnowpref, lzcnt, sse4a, tsc, tscinvbit, tscinv, bmi1

Memory: 4k page, physical 16582596k(5949660k free), swap 16582596k(5504k free)

vm_info: OpenJDK 64-Bit Server VM (25.71-b00) for windows-amd64 JRE (1.8.0-adoptopenjdk-_2018_05_19_00_59-b00), built on May 19 2018 01:02:12 by "jenkins" with MS VC++ 10.0 (VS2010)

time: Sun Nov 13 21:57:49 2022
elapsed time: 0 seconds (0d 0h 0m 0s)

